The system is: Windows - 10.0.19043 - AMD64
Compiling the C compiler identification source file "CMakeCCompilerId.c" succeeded.
Compiler: D:/Microsoft Visual Studio/VC/Tools/MSVC/14.29.30133/bin/Hostx86/x86/cl.exe 
Build flags: 
Id flags:  

The output was:
0
Microsoft (R) C/C++ Optimizing Compiler Version 19.29.30133 for x86
Copyright (C) Microsoft Corporation.  All rights reserved.

CMakeCCompilerId.c
Microsoft (R) Incremental Linker Version 14.29.30133.0
Copyright (C) Microsoft Corporation.  All rights reserved.

/out:CMakeCCompilerId.exe 
CMakeCCompilerId.obj 


Compilation of the C compiler identification source "CMakeCCompilerId.c" produced "CMakeCCompilerId.exe"

Compilation of the C compiler identification source "CMakeCCompilerId.c" produced "CMakeCCompilerId.obj"

The C compiler identification is MSVC, found in "D:/clion/CLion 2021.2.2/CS210_Project_3/cmake-build-debug/CMakeFiles/3.20.2/CompilerIdC/CMakeCCompilerId.exe"

Compiling the CXX compiler identification source file "CMakeCXXCompilerId.cpp" succeeded.
Compiler: D:/Microsoft Visual Studio/VC/Tools/MSVC/14.29.30133/bin/Hostx86/x86/cl.exe 
Build flags: 
Id flags:  

The output was:
0
Microsoft (R) C/C++ Optimizing Compiler Version 19.29.30133 for x86
Copyright (C) Microsoft Corporation.  All rights reserved.

CMakeCXXCompilerId.cpp
Microsoft (R) Incremental Linker Version 14.29.30133.0
Copyright (C) Microsoft Corporation.  All rights reserved.

/out:CMakeCXXCompilerId.exe 
CMakeCXXCompilerId.obj 


Compilation of the CXX compiler identification source "CMakeCXXCompilerId.cpp" produced "CMakeCXXCompilerId.exe"

Compilation of the CXX compiler identification source "CMakeCXXCompilerId.cpp" produced "CMakeCXXCompilerId.obj"

The CXX compiler identification is MSVC, found in "D:/clion/CLion 2021.2.2/CS210_Project_3/cmake-build-debug/CMakeFiles/3.20.2/CompilerIdCXX/CMakeCXXCompilerId.exe"

Detecting C compiler ABI info compiled with the following output:
Change Dir: D:/clion/CLion 2021.2.2/CS210_Project_3/cmake-build-debug/CMakeFiles/CMakeTmp

Run Build Command(s):nmake -f Makefile /nologo cmTC_a29c4\fast && 	"D:\Microsoft Visual Studio\VC\Tools\MSVC\14.29.30133\bin\HostX86\x86\nmake.exe"  -f CMakeFiles\cmTC_a29c4.dir\build.make /nologo -L                  CMakeFiles\cmTC_a29c4.dir\build
Building C object CMakeFiles/cmTC_a29c4.dir/CMakeCCompilerABI.c.obj
	"D:\clion\CLion 2021.2.2\bin\cmake\win\bin\cmake.exe" -E cmake_cl_compile_depends --dep-file=CMakeFiles\cmTC_a29c4.dir\CMakeCCompilerABI.c.obj.d --working-dir="D:\clion\CLion 2021.2.2\CS210_Project_3\cmake-build-debug\CMakeFiles\CMakeTmp" --filter-prefix="" -- "D:\Microsoft Visual Studio\VC\Tools\MSVC\14.29.30133\bin\Hostx86\x86\cl.exe" @C:\Users\dante\AppData\Local\Temp\nm898F.tmp
Linking C executable cmTC_a29c4.exe
	"D:\clion\CLion 2021.2.2\bin\cmake\win\bin\cmake.exe" -E vs_link_exe --intdir=CMakeFiles\cmTC_a29c4.dir --rc=C:\PROGRA~2\WI3CF2~1\10\bin\10.0.19041.0\x86\rc.exe --mt=C:\PROGRA~2\WI3CF2~1\10\bin\10.0.19041.0\x86\mt.exe --manifests -- "D:\Microsoft Visual Studio\VC\Tools\MSVC\14.29.30133\bin\Hostx86\x86\link.exe" /nologo @CMakeFiles\cmTC_a29c4.dir\objects1.rsp @C:\Users\dante\AppData\Local\Temp\nm8C7E.tmp



Detecting CXX compiler ABI info compiled with the following output:
Change Dir: D:/clion/CLion 2021.2.2/CS210_Project_3/cmake-build-debug/CMakeFiles/CMakeTmp

Run Build Command(s):nmake -f Makefile /nologo cmTC_9fce0\fast && 	"D:\Microsoft Visual Studio\VC\Tools\MSVC\14.29.30133\bin\HostX86\x86\nmake.exe"  -f CMakeFiles\cmTC_9fce0.dir\build.make /nologo -L                  CMakeFiles\cmTC_9fce0.dir\build
Building CXX object CMakeFiles/cmTC_9fce0.dir/CMakeCXXCompilerABI.cpp.obj
	"D:\clion\CLion 2021.2.2\bin\cmake\win\bin\cmake.exe" -E cmake_cl_compile_depends --dep-file=CMakeFiles\cmTC_9fce0.dir\CMakeCXXCompilerABI.cpp.obj.d --working-dir="D:\clion\CLion 2021.2.2\CS210_Project_3\cmake-build-debug\CMakeFiles\CMakeTmp" --filter-prefix="" -- "D:\Microsoft Visual Studio\VC\Tools\MSVC\14.29.30133\bin\Hostx86\x86\cl.exe" @C:\Users\dante\AppData\Local\Temp\nm921A.tmp
Linking CXX executable cmTC_9fce0.exe
	"D:\clion\CLion 2021.2.2\bin\cmake\win\bin\cmake.exe" -E vs_link_exe --intdir=CMakeFiles\cmTC_9fce0.dir --rc=C:\PROGRA~2\WI3CF2~1\10\bin\10.0.19041.0\x86\rc.exe --mt=C:\PROGRA~2\WI3CF2~1\10\bin\10.0.19041.0\x86\mt.exe --manifests -- "D:\Microsoft Visual Studio\VC\Tools\MSVC\14.29.30133\bin\Hostx86\x86\link.exe" /nologo @CMakeFiles\cmTC_9fce0.dir\objects1.rsp @C:\Users\dante\AppData\Local\Temp\nm9344.tmp



